<?xml version="1.0" encoding="UTF-8"?>
<!-- Generated by org.testng.reporters.JUnitReportReporter -->
<testsuite hostname="LAPTOP-EA4CD3Q6" failures="0" tests="19" name="taskonGRoopinG_80_methods.Class3_40_to_60" time="0.193" errors="0" timestamp="2021-11-18T16:29:56 IST" skipped="0">
  <testcase classname="taskonGRoopinG_80_methods.Class3_40_to_60" name="test48" time="0.017"/>
  <system-out/>
  <testcase classname="taskonGRoopinG_80_methods.Class3_40_to_60" name="test51" time="0.002"/>
  <system-out/>
  <testcase classname="taskonGRoopinG_80_methods.Class3_40_to_60" name="test45" time="0.008"/>
  <system-out/>
  <testcase classname="taskonGRoopinG_80_methods.Class3_40_to_60" name="test44" time="0.011"/>
  <system-out/>
  <testcase classname="taskonGRoopinG_80_methods.Class3_40_to_60" name="test55" time="0.013"/>
  <system-out/>
  <testcase classname="taskonGRoopinG_80_methods.Class3_40_to_60" name="test46" time="0.009"/>
  <system-out/>
  <testcase classname="taskonGRoopinG_80_methods.Class3_40_to_60" name="test57" time="0.001"/>
  <system-out/>
  <testcase classname="taskonGRoopinG_80_methods.Class3_40_to_60" name="test47" time="0.005"/>
  <system-out/>
  <testcase classname="taskonGRoopinG_80_methods.Class3_40_to_60" name="test43" time="0.004"/>
  <system-out/>
  <testcase classname="taskonGRoopinG_80_methods.Class3_40_to_60" name="test59" time="0.002"/>
  <system-out/>
  <testcase classname="taskonGRoopinG_80_methods.Class3_40_to_60" name="test41" time="0.026"/>
  <system-out/>
  <testcase classname="taskonGRoopinG_80_methods.Class3_40_to_60" name="test58" time="0.004"/>
  <system-out/>
  <testcase classname="taskonGRoopinG_80_methods.Class3_40_to_60" name="test52" time="0.002"/>
  <system-out/>
  <testcase classname="taskonGRoopinG_80_methods.Class3_40_to_60" name="test54" time="0.019"/>
  <system-out/>
  <testcase classname="taskonGRoopinG_80_methods.Class3_40_to_60" name="test42" time="0.015"/>
  <system-out/>
  <testcase classname="taskonGRoopinG_80_methods.Class3_40_to_60" name="test49" time="0.047"/>
  <system-out/>
  <testcase classname="taskonGRoopinG_80_methods.Class3_40_to_60" name="test53" time="0.002"/>
  <system-out/>
  <testcase classname="taskonGRoopinG_80_methods.Class3_40_to_60" name="test60" time="0.004"/>
  <system-out/>
  <testcase classname="taskonGRoopinG_80_methods.Class3_40_to_60" name="test50" time="0.002"/>
  <system-out/>
</testsuite> <!-- taskonGRoopinG_80_methods.Class3_40_to_60 -->
