<?xml version="1.0" encoding="UTF-8"?>
<!-- Generated by org.testng.reporters.JUnitReportReporter -->
<testsuite hostname="LAPTOP-EA4CD3Q6" failures="0" tests="5" name="taskonGRoopinG_80_methods.Class1_0_to_20" time="0.047" errors="0" timestamp="2022-01-05T22:21:41 IST" skipped="0">
  <testcase classname="taskonGRoopinG_80_methods.Class1_0_to_20" name="one" time="0.021"/>
  <system-out/>
  <testcase classname="taskonGRoopinG_80_methods.Class1_0_to_20" name="six" time="0.012"/>
  <system-out/>
  <testcase classname="taskonGRoopinG_80_methods.Class1_0_to_20" name="twenty" time="0.002"/>
  <system-out/>
  <testcase classname="taskonGRoopinG_80_methods.Class1_0_to_20" name="ten" time="0.009"/>
  <system-out/>
  <testcase classname="taskonGRoopinG_80_methods.Class1_0_to_20" name="twelve" time="0.003"/>
  <system-out/>
</testsuite> <!-- taskonGRoopinG_80_methods.Class1_0_to_20 -->
