<?xml version="1.0" encoding="UTF-8"?>
<!-- Generated by org.testng.reporters.JUnitReportReporter -->
<testsuite hostname="LAPTOP-EA4CD3Q6" failures="0" tests="1" name="VelocityChinchwadEve.Aug21mavenprojects.ActitimeTestNGAnnotations" time="3.714" errors="0" timestamp="2021-11-17T15:37:59 IST" skipped="0">
  <testcase classname="VelocityChinchwadEve.Aug21mavenprojects.ActitimeTestNGAnnotations" name="verifyactimepagelogo" time="3.714"/>
  <system-out/>
</testsuite> <!-- VelocityChinchwadEve.Aug21mavenprojects.ActitimeTestNGAnnotations -->
