<?xml version="1.0" encoding="UTF-8"?>
<!-- Generated by org.testng.reporters.JUnitReportReporter -->
<testsuite hostname="LAPTOP-EA4CD3Q6" failures="0" tests="1" name="taskForparallaly_execution.NewTest" time="0.016" errors="0" timestamp="2021-11-17T15:31:41 IST" skipped="0">
  <testcase classname="taskForparallaly_execution.NewTest" name="f" time="0.016"/>
  <system-out/>
</testsuite> <!-- taskForparallaly_execution.NewTest -->
