<?xml version="1.0" encoding="UTF-8"?>
<!-- Generated by org.testng.reporters.JUnitReportReporter -->
<testsuite hostname="LAPTOP-EA4CD3Q6" failures="0" tests="5" name="testNGkeywords.Keywords1" time="0.069" errors="0" timestamp="2021-12-23T12:23:53 IST" skipped="0">
  <testcase classname="testNGkeywords.Keywords1" name="mno" time="0.017"/>
  <system-out/>
  <testcase classname="testNGkeywords.Keywords1" name="def" time="0.003"/>
  <system-out/>
  <testcase classname="testNGkeywords.Keywords1" name="Abc" time="0.036"/>
  <system-out/>
  <testcase classname="testNGkeywords.Keywords1" name="pqr" time="0.005"/>
  <system-out/>
  <testcase classname="testNGkeywords.Keywords1" name="xyz" time="0.008"/>
  <system-out/>
</testsuite> <!-- testNGkeywords.Keywords1 -->
