<?xml version="1.0" encoding="UTF-8"?>
<!-- Generated by org.testng.reporters.JUnitReportReporter -->
<testsuite hostname="LAPTOP-EA4CD3Q6" failures="0" tests="9" name="testNGkeywords.Keyword2" time="0.057" errors="0" timestamp="2021-11-17T11:17:26 IST" skipped="0">
  <testcase classname="testNGkeywords.Keyword2" name="mno" time="0.006"/>
  <system-out/>
  <testcase classname="testNGkeywords.Keyword2" name="def" time="0.015"/>
  <system-out/>
  <testcase classname="testNGkeywords.Keyword2" name="Abc" time="0.003"/>
  <system-out/>
  <testcase classname="testNGkeywords.Keyword2" name="Abc" time="0.003"/>
  <system-out/>
  <testcase classname="testNGkeywords.Keyword2" name="Abc" time="0.012"/>
  <system-out/>
  <testcase classname="testNGkeywords.Keyword2" name="Abc" time="0.004"/>
  <system-out/>
  <testcase classname="testNGkeywords.Keyword2" name="Abc" time="0.008"/>
  <system-out/>
  <testcase classname="testNGkeywords.Keyword2" name="pqr" time="0.004"/>
  <system-out/>
  <testcase classname="testNGkeywords.Keyword2" name="xyz" time="0.002"/>
  <system-out/>
</testsuite> <!-- testNGkeywords.Keyword2 -->
