<?xml version="1.0" encoding="UTF-8"?>
<!-- Generated by org.testng.reporters.JUnitReportReporter -->
<testsuite hostname="LAPTOP-EA4CD3Q6" failures="0" tests="5" name="taskonGRoopinG_80_methods.Class4_60_to_80" time="0.073" errors="0" timestamp="2021-11-18T16:52:48 IST" skipped="0">
  <testcase classname="taskonGRoopinG_80_methods.Class4_60_to_80" name="test71" time="0.018"/>
  <system-out/>
  <testcase classname="taskonGRoopinG_80_methods.Class4_60_to_80" name="test68" time="0.025"/>
  <system-out/>
  <testcase classname="taskonGRoopinG_80_methods.Class4_60_to_80" name="test75" time="0.005"/>
  <system-out/>
  <testcase classname="taskonGRoopinG_80_methods.Class4_60_to_80" name="test62" time="0.021"/>
  <system-out/>
  <testcase classname="taskonGRoopinG_80_methods.Class4_60_to_80" name="test63" time="0.004"/>
  <system-out/>
</testsuite> <!-- taskonGRoopinG_80_methods.Class4_60_to_80 -->
