<?xml version="1.0" encoding="UTF-8"?>
<!-- Generated by org.testng.reporters.JUnitReportReporter -->
<testsuite hostname="LAPTOP-EA4CD3Q6" failures="0" tests="2" name="VelocityChinchwadEve.Aug21mavenprojects.TESTNGAnnotaions" time="0.042" errors="0" timestamp="2021-11-17T15:37:59 IST" skipped="0">
  <testcase classname="VelocityChinchwadEve.Aug21mavenprojects.TESTNGAnnotaions" name="test2" time="0.008"/>
  <system-out/>
  <testcase classname="VelocityChinchwadEve.Aug21mavenprojects.TESTNGAnnotaions" name="test1" time="0.034"/>
  <system-out/>
</testsuite> <!-- VelocityChinchwadEve.Aug21mavenprojects.TESTNGAnnotaions -->
