<?xml version="1.0" encoding="UTF-8"?>
<!-- Generated by org.testng.reporters.JUnitReportReporter -->
<testsuite hostname="LAPTOP-EA4CD3Q6" failures="0" tests="1" name="taskForparallaly_execution.NewTest2" time="3.903" errors="0" timestamp="2021-11-17T15:31:41 IST" skipped="0">
  <testcase classname="taskForparallaly_execution.NewTest2" name="beforeClass1" time="3.903"/>
  <system-out/>
</testsuite> <!-- taskForparallaly_execution.NewTest2 -->
