<?xml version="1.0" encoding="UTF-8"?>
<!-- Generated by org.testng.reporters.JUnitReportReporter -->
<testsuite hostname="LAPTOP-EA4CD3Q6" failures="0" tests="2" name="taskFORMethods.Methods_parallaly" time="15.966" errors="0" timestamp="2021-11-17T16:14:07 IST" skipped="0">
  <testcase classname="taskFORMethods.Methods_parallaly" name="test2" time="9.422"/>
  <system-out/>
  <testcase classname="taskFORMethods.Methods_parallaly" name="test1" time="6.544"/>
  <system-out/>
</testsuite> <!-- taskFORMethods.Methods_parallaly -->
