<?xml version="1.0" encoding="UTF-8"?>
<!-- Generated by org.testng.reporters.JUnitReportReporter -->
<testsuite hostname="LAPTOP-EA4CD3Q6" failures="0" tests="4" name="taskonGRoopinG_80_methods.Class2_20_to_40" time="0.034" errors="0" timestamp="2022-01-05T22:21:41 IST" skipped="0">
  <testcase classname="taskonGRoopinG_80_methods.Class2_20_to_40" name="test25" time="0.006"/>
  <system-out/>
  <testcase classname="taskonGRoopinG_80_methods.Class2_20_to_40" name="test37" time="0.003"/>
  <system-out/>
  <testcase classname="taskonGRoopinG_80_methods.Class2_20_to_40" name="test32" time="0.004"/>
  <system-out/>
  <testcase classname="taskonGRoopinG_80_methods.Class2_20_to_40" name="test24" time="0.021"/>
  <system-out/>
</testsuite> <!-- taskonGRoopinG_80_methods.Class2_20_to_40 -->
