<?xml version="1.0" encoding="UTF-8"?>
<!-- Generated by org.testng.reporters.JUnitReportReporter -->
<testsuite hostname="LAPTOP-EA4CD3Q6" failures="0" tests="1" name="array.DEmo2" time="0.015" errors="0" timestamp="2021-11-26T15:22:04 IST" skipped="0">
  <testcase classname="array.DEmo2" name="array_program2" time="0.015"/>
  <system-out/>
</testsuite> <!-- array.DEmo2 -->
