<?xml version="1.0" encoding="UTF-8"?>
<!-- Generated by org.testng.reporters.JUnitReportReporter -->
<testsuite hostname="LAPTOP-EA4CD3Q6" failures="0" tests="3" name="testNG_Grooping.Group1" time="0.017" errors="0" timestamp="2021-11-18T14:56:45 IST" skipped="0">
  <testcase classname="testNG_Grooping.Group1" name="test25" time="0.002"/>
  <system-out/>
  <testcase classname="testNG_Grooping.Group1" name="test23" time="0.013"/>
  <system-out/>
  <testcase classname="testNG_Grooping.Group1" name="test24" time="0.002"/>
  <system-out/>
</testsuite> <!-- testNG_Grooping.Group1 -->
