<?xml version="1.0" encoding="UTF-8"?>
<!-- Generated by org.testng.reporters.JUnitReportReporter -->
<testsuite hostname="LAPTOP-EA4CD3Q6" failures="0" tests="9" name="testNGkeywords.Keyword3" time="0.041" errors="0" timestamp="2021-11-17T11:20:45 IST" skipped="1">
  <testcase classname="testNGkeywords.Keyword3" name="mno" time="0.004"/>
  <system-out/>
  <testcase classname="testNGkeywords.Keyword3" name="def" time="0.016"/>
  <system-out/>
  <testcase classname="testNGkeywords.Keyword3" name="Abc" time="0.003"/>
  <system-out/>
  <testcase classname="testNGkeywords.Keyword3" name="Abc" time="0.004"/>
  <system-out/>
  <testcase classname="testNGkeywords.Keyword3" name="Abc" time="0.004"/>
  <system-out/>
  <testcase classname="testNGkeywords.Keyword3" name="Abc" time="0.004"/>
  <system-out/>
  <testcase classname="testNGkeywords.Keyword3" name="Abc" time="0.003"/>
  <system-out/>
  <testcase classname="testNGkeywords.Keyword3" name="pqr" time="0.003"/>
  <system-out/>
  <testcase classname="testNGkeywords.Keyword3" name="xyz">
    <skipped/>
  </testcase> <!-- xyz -->
  <system-out/>
</testsuite> <!-- testNGkeywords.Keyword3 -->
